#
# A fatal error has been detected by the Java Runtime Environment:
#
#  EXCEPTION_ACCESS_VIOLATION (0xc0000005) at pc=0x003b5210, pid=4928, tid=9824
#
# JRE version: 7.0_17-b02
# Java VM: Java HotSpot(TM) Client VM (23.7-b01 mixed mode windows-x86 )
# Problematic frame:
# C  0x003b5210
#
# Failed to write core dump. Minidumps are not enabled by default on client versions of Windows
#
# If you would like to submit a bug report, please visit:
#   http://bugreport.sun.com/bugreport/crash.jsp
# The crash happened outside the Java Virtual Machine in native code.
# See problematic frame for where to report the bug.
#

---------------  T H R E A D  ---------------

Current thread (0x00cebc00):  JavaThread "main" [_thread_in_native, id=9824, stack(0x004b0000,0x00500000)]

siginfo: ExceptionCode=0xc0000005, ExceptionInformation=0x00000008 0x003b5210

Registers:
EAX=0x004fee00, EBX=0x00000000, ECX=0x00000000, EDX=0x00000001
ESP=0x004fee8c, EBP=0x004fee98, ESI=0x00000001, EDI=0x004ff5a4
EIP=0x003b5210, EFLAGS=0x00010293

Top of Stack: (sp=0x004fee8c)
0x004fee8c:   0047dc25 18f9e3f0 18f9e7a8 004fef08
0x004fee9c:   0047d546 0047d000 004feee0 00000001
0x004feeac:   00000008 00000001 004ff5a4 003b5210
0x004feebc:   004feecc 004ffa20 6e9dcc9e 00000002
0x004feecc:   004fef50 00000002 004fefa0 004fef08
0x004feedc:   0047db77 004ff540 004ff5a4 004fef30
0x004feeec:   00000002 00000002 00487408 004fef50
0x004feefc:   00000000 00000000 004fefa0 004ff588 

Instructions: (pc=0x003b5210)
0x003b51f0:   00 00 00 00 00 00 00 00 00 00 00 00 00 00 00 00
0x003b5200:   00 00 00 00 00 00 00 00 b3 a3 dd 5d db ce 00 08
0x003b5210:   20 fb 08 77 88 fd 08 77 74 fd 08 77 02 00 01 00
0x003b5220:   d4 01 00 00 10 0e 00 00 ff ff ff ff 0f 00 00 00 


Register to memory mapping:

EAX=0x004fee00 is pointing into the stack for thread: 0x00cebc00
EBX=0x00000000 is an unknown value
ECX=0x00000000 is an unknown value
EDX=0x00000001 is an unknown value
ESP=0x004fee8c is pointing into the stack for thread: 0x00cebc00
EBP=0x004fee98 is pointing into the stack for thread: 0x00cebc00
ESI=0x00000001 is an unknown value
EDI=0x004ff5a4 is pointing into the stack for thread: 0x00cebc00


Stack: [0x004b0000,0x00500000],  sp=0x004fee8c,  free space=315k
Native frames: (J=compiled Java code, j=interpreted, Vv=VM code, C=native code)
C  0x003b5210
C  [jna5482507740411140795.dll+0xd546]  Java_com_sun_jna_Native_initialize_1ffi_1type+0x3a46
C  [jna5482507740411140795.dll+0x2e5e]
C  [jna5482507740411140795.dll+0x54ce]  Java_com_sun_jna_Native_invokeInt+0x2e
j  com.sun.jna.Native.invokeInt(JI[Ljava/lang/Object;)I+0
j  com.sun.jna.Function.invoke([Ljava/lang/Object;Ljava/lang/Class;Z)Ljava/lang/Object;+223
j  com.sun.jna.Function.invoke(Ljava/lang/Class;[Ljava/lang/Object;Ljava/util/Map;)Ljava/lang/Object;+195
j  com.sun.jna.Function.invoke(Ljava/lang/Class;[Ljava/lang/Object;)Ljava/lang/Object;+7
j  com.sun.jna.Function.invokeInt([Ljava/lang/Object;)I+4
j  com.sun.jna.platform.win32.COM.COMClass._invokeNativeInt(I[Ljava/lang/Object;)I+27
j  com.sun.jna.platform.win32.COM.COMClass.invoke(Ljava/lang/Object;Ljava/lang/reflect/Method;[Ljava/lang/Object;)Ljava/lang/Object;+110
j  com.sun.proxy.$Proxy7.GetTypeAttr(Lcom/sun/jna/platform/win32/OaIdl$TYPEATTR$ByReference;)Lcom/sun/jna/platform/win32/WinNT$HRESULT;+16
j  com.sun.jna.platform.win32.COM.TypeInfo.GetTypeAttr(Lcom/sun/jna/platform/win32/OaIdl$TYPEATTR$ByReference;)Lcom/sun/jna/platform/win32/WinNT$HRESULT;+5
j  com.sun.jna.platform.win32.COM.TypeInfoUtil.getTypeAttr()Lcom/sun/jna/platform/win32/OaIdl$TYPEATTR;+13
j  com.sun.jna.platform.win32.COM.tlb.imp.TlbDispatchInterface.<init>(ILcom/sun/jna/platform/win32/COM/TypeLibUtil;)V+69
j  com.sun.jna.platform.win32.COM.tlb.TlbImp.createCOMDispatch(ILcom/sun/jna/platform/win32/COM/TypeLibUtil;)V+6
j  com.sun.jna.platform.win32.COM.tlb.TlbImp.startCOM2Java()V+128
j  com.sun.jna.platform.win32.COM.tlb.TlbImp.main([Ljava/lang/String;)V+7
v  ~StubRoutines::call_stub
V  [jvm.dll+0x12a34a]
V  [jvm.dll+0x1d968e]
V  [jvm.dll+0x12a3cd]
V  [jvm.dll+0xaede4]
V  [jvm.dll+0xb9157]
C  [javaw.exe+0x206c]
C  [javaw.exe+0xa5a1]
C  [javaw.exe+0xa62b]
C  [kernel32.dll+0x133aa]  BaseThreadInitThunk+0x12
C  [ntdll.dll+0x39ef2]  RtlInitializeExceptionChain+0x63
C  [ntdll.dll+0x39ec5]  RtlInitializeExceptionChain+0x36

Java frames: (J=compiled Java code, j=interpreted, Vv=VM code)
j  com.sun.jna.Native.invokeInt(JI[Ljava/lang/Object;)I+0
j  com.sun.jna.Function.invoke([Ljava/lang/Object;Ljava/lang/Class;Z)Ljava/lang/Object;+223
j  com.sun.jna.Function.invoke(Ljava/lang/Class;[Ljava/lang/Object;Ljava/util/Map;)Ljava/lang/Object;+195
j  com.sun.jna.Function.invoke(Ljava/lang/Class;[Ljava/lang/Object;)Ljava/lang/Object;+7
j  com.sun.jna.Function.invokeInt([Ljava/lang/Object;)I+4
j  com.sun.jna.platform.win32.COM.COMClass._invokeNativeInt(I[Ljava/lang/Object;)I+27
j  com.sun.jna.platform.win32.COM.COMClass.invoke(Ljava/lang/Object;Ljava/lang/reflect/Method;[Ljava/lang/Object;)Ljava/lang/Object;+110
j  com.sun.proxy.$Proxy7.GetTypeAttr(Lcom/sun/jna/platform/win32/OaIdl$TYPEATTR$ByReference;)Lcom/sun/jna/platform/win32/WinNT$HRESULT;+16
j  com.sun.jna.platform.win32.COM.TypeInfo.GetTypeAttr(Lcom/sun/jna/platform/win32/OaIdl$TYPEATTR$ByReference;)Lcom/sun/jna/platform/win32/WinNT$HRESULT;+5
j  com.sun.jna.platform.win32.COM.TypeInfoUtil.getTypeAttr()Lcom/sun/jna/platform/win32/OaIdl$TYPEATTR;+13
j  com.sun.jna.platform.win32.COM.tlb.imp.TlbDispatchInterface.<init>(ILcom/sun/jna/platform/win32/COM/TypeLibUtil;)V+69
j  com.sun.jna.platform.win32.COM.tlb.TlbImp.createCOMDispatch(ILcom/sun/jna/platform/win32/COM/TypeLibUtil;)V+6
j  com.sun.jna.platform.win32.COM.tlb.TlbImp.startCOM2Java()V+128
j  com.sun.jna.platform.win32.COM.tlb.TlbImp.main([Ljava/lang/String;)V+7
v  ~StubRoutines::call_stub

---------------  P R O C E S S  ---------------

Java Threads: ( => current thread )
  0x010ae400 JavaThread "Service Thread" daemon [_thread_blocked, id=4580, stack(0x19520000,0x19570000)]
  0x010ac000 JavaThread "C1 CompilerThread0" daemon [_thread_blocked, id=5000, stack(0x19410000,0x19460000)]
  0x0109cc00 JavaThread "JDWP Command Reader" daemon [_thread_in_native, id=7672, stack(0x012b0000,0x01300000)]
  0x0109b800 JavaThread "JDWP Event Helper Thread" daemon [_thread_blocked, id=6436, stack(0x18ee0000,0x18f30000)]
  0x01093800 JavaThread "JDWP Transport Listener: dt_socket" daemon [_thread_blocked, id=7900, stack(0x18990000,0x189e0000)]
  0x0108cc00 JavaThread "Attach Listener" daemon [_thread_blocked, id=156, stack(0x18b10000,0x18b60000)]
  0x01089c00 JavaThread "Signal Dispatcher" daemon [_thread_blocked, id=5200, stack(0x18a00000,0x18a50000)]
  0x01030400 JavaThread "Finalizer" daemon [_thread_blocked, id=3172, stack(0x18810000,0x18860000)]
  0x0102ac00 JavaThread "Reference Handler" daemon [_thread_blocked, id=8128, stack(0x01240000,0x01290000)]
=>0x00cebc00 JavaThread "main" [_thread_in_native, id=9824, stack(0x004b0000,0x00500000)]

Other Threads:
  0x01026800 VMThread [stack: 0x18870000,0x188c0000] [id=6332]
  0x010afc00 WatcherThread [stack: 0x18ac0000,0x18b10000] [id=5588]

VM state:not at safepoint (normal execution)

VM Mutex/Monitor currently owned by a thread: None

Heap
 def new generation   total 4928K, used 2690K [0x047c0000, 0x04d10000, 0x09d10000)
  eden space 4416K,  49% used [0x047c0000, 0x049e0be0, 0x04c10000)
  from space 512K, 100% used [0x04c90000, 0x04d10000, 0x04d10000)
  to   space 512K,   0% used [0x04c10000, 0x04c10000, 0x04c90000)
 tenured generation   total 10944K, used 24K [0x09d10000, 0x0a7c0000, 0x147c0000)
   the space 10944K,   0% used [0x09d10000, 0x09d16040, 0x09d16200, 0x0a7c0000)
 compacting perm gen  total 12288K, used 4102K [0x147c0000, 0x153c0000, 0x187c0000)
   the space 12288K,  33% used [0x147c0000, 0x14bc1870, 0x14bc1a00, 0x153c0000)
No shared spaces configured.

Card table byte_map: [0x00f70000,0x01020000] byte_map_base: 0x00f4c200

Polling page: 0x000c0000

Code Cache  [0x027c0000, 0x02888000, 0x047c0000)
 total_blobs=288 nmethods=132 adapters=99 free_code_cache=31984Kb largest_free_block=32752384

Compilation events (10 events):
Event: 0.393 Thread 0x010ac000  125             java.lang.Class::getName (21 bytes)
Event: 0.393 Thread 0x010ac000 nmethod 125 0x02881e88 code [0x02881f80, 0x0288203c]
Event: 0.393 Thread 0x010ac000  126             sun.misc.ProxyGenerator$ConstantPool::write (64 bytes)
Event: 0.393 Thread 0x010ac000 nmethod 126 0x028820c8 code [0x02882240, 0x02882504]
Event: 0.395 Thread 0x010ac000  127             java.lang.reflect.Field::getName (5 bytes)
Event: 0.395 Thread 0x010ac000 nmethod 127 0x02882748 code [0x02882840, 0x028828c0]
Event: 3.538 Thread 0x010ac000  128             java.util.HashMap$HashIterator::nextEntry (99 bytes)
Event: 3.539 Thread 0x010ac000 nmethod 128 0x02882908 code [0x02882a40, 0x02882c68]
Event: 3.542 Thread 0x010ac000  129             java.lang.Class::searchFields (45 bytes)
Event: 3.543 Thread 0x010ac000 nmethod 129 0x02882e88 code [0x02882fd0, 0x02883204]

GC Heap History (2 events):
Event: 0.313 GC heap before
{Heap before GC invocations=0 (full 0):
 def new generation   total 4928K, used 4416K [0x047c0000, 0x04d10000, 0x09d10000)
  eden space 4416K, 100% used [0x047c0000, 0x04c10000, 0x04c10000)
  from space 512K,   0% used [0x04c10000, 0x04c10000, 0x04c90000)
  to   space 512K,   0% used [0x04c90000, 0x04c90000, 0x04d10000)
 tenured generation   total 10944K, used 0K [0x09d10000, 0x0a7c0000, 0x147c0000)
   the space 10944K,   0% used [0x09d10000, 0x09d10000, 0x09d10200, 0x0a7c0000)
 compacting perm gen  total 12288K, used 3373K [0x147c0000, 0x153c0000, 0x187c0000)
   the space 12288K,  27% used [0x147c0000, 0x14b0b610, 0x14b0b800, 0x153c0000)
No shared spaces configured.
Event: 0.316 GC heap after
Heap after GC invocations=1 (full 0):
 def new generation   total 4928K, used 512K [0x047c0000, 0x04d10000, 0x09d10000)
  eden space 4416K,   0% used [0x047c0000, 0x047c0000, 0x04c10000)
  from space 512K, 100% used [0x04c90000, 0x04d10000, 0x04d10000)
  to   space 512K,   0% used [0x04c10000, 0x04c10000, 0x04c90000)
 tenured generation   total 10944K, used 24K [0x09d10000, 0x0a7c0000, 0x147c0000)
   the space 10944K,   0% used [0x09d10000, 0x09d16040, 0x09d16200, 0x0a7c0000)
 compacting perm gen  total 12288K, used 3373K [0x147c0000, 0x153c0000, 0x187c0000)
   the space 12288K,  27% used [0x147c0000, 0x14b0b610, 0x14b0b800, 0x153c0000)
No shared spaces configured.
}

Deoptimization events (0 events):
No events

Internal exceptions (10 events):
Event: 0.390 Thread 0x00cebc00 Threw 0x04964140 at C:\jdk7u2_32P\jdk7u17\hotspot\src\share\vm\prims\jvm.cpp:1166
Event: 0.390 Thread 0x00cebc00 Threw 0x04967330 at C:\jdk7u2_32P\jdk7u17\hotspot\src\share\vm\prims\jvm.cpp:1166
Event: 0.391 Thread 0x00cebc00 Threw 0x04969ce8 at C:\jdk7u2_32P\jdk7u17\hotspot\src\share\vm\prims\jvm.cpp:1166
Event: 0.391 Thread 0x00cebc00 Threw 0x0496cdb8 at C:\jdk7u2_32P\jdk7u17\hotspot\src\share\vm\prims\jvm.cpp:1166
Event: 0.391 Thread 0x00cebc00 Threw 0x049700c0 at C:\jdk7u2_32P\jdk7u17\hotspot\src\share\vm\prims\jvm.cpp:1166
Event: 0.392 Thread 0x00cebc00 Threw 0x04972c70 at C:\jdk7u2_32P\jdk7u17\hotspot\src\share\vm\prims\jvm.cpp:1166
Event: 3.539 Thread 0x00cebc00 Threw 0x049c0470 at C:\jdk7u2_32P\jdk7u17\hotspot\src\share\vm\prims\jvm.cpp:1166
Event: 3.543 Thread 0x00cebc00 Threw 0x049c3fc0 at C:\jdk7u2_32P\jdk7u17\hotspot\src\share\vm\prims\jvm.cpp:1166
Event: 3.545 Thread 0x00cebc00 Threw 0x049c6c18 at C:\jdk7u2_32P\jdk7u17\hotspot\src\share\vm\prims\jvm.cpp:1166
Event: 3.553 Thread 0x00cebc00 Threw 0x049cd0b0 at C:\jdk7u2_32P\jdk7u17\hotspot\src\share\vm\prims\jvm.cpp:1166

Events (10 events):
Event: 3.583 Executing VM operation: GetOrSetLocal
Event: 3.583 Executing VM operation: GetOrSetLocal done
Event: 4.067 Executing VM operation: EnterInterpOnlyMode
Event: 4.067 Executing VM operation: EnterInterpOnlyMode done
Event: 4.067 Executing VM operation: GetCurrentLocation
Event: 4.067 Executing VM operation: GetCurrentLocation done
Event: 4.067 Executing VM operation: ChangeSingleStep
Event: 4.067 Executing VM operation: ChangeSingleStep done
Event: 4.068 Executing VM operation: ChangeSingleStep
Event: 4.068 Executing VM operation: ChangeSingleStep done


Dynamic libraries:
0x01390000 - 0x013bf000 	C:\Program Files (x86)\Java\jdk1.7.0_17\bin\javaw.exe
0x779e0000 - 0x77b60000 	C:\Windows\SysWOW64\ntdll.dll
0x771a0000 - 0x772b0000 	C:\Windows\syswow64\kernel32.dll
0x758e0000 - 0x75927000 	C:\Windows\syswow64\KERNELBASE.dll
0x75a50000 - 0x75af0000 	C:\Windows\syswow64\ADVAPI32.dll
0x75720000 - 0x757cc000 	C:\Windows\syswow64\msvcrt.dll
0x75cc0000 - 0x75cd9000 	C:\Windows\SysWOW64\sechost.dll
0x757f0000 - 0x758e0000 	C:\Windows\syswow64\RPCRT4.dll
0x75540000 - 0x755a0000 	C:\Windows\syswow64\SspiCli.dll
0x75530000 - 0x7553c000 	C:\Windows\syswow64\CRYPTBASE.dll
0x76070000 - 0x76170000 	C:\Windows\syswow64\USER32.dll
0x75c30000 - 0x75cc0000 	C:\Windows\syswow64\GDI32.dll
0x779b0000 - 0x779ba000 	C:\Windows\syswow64\LPK.dll
0x755a0000 - 0x7563d000 	C:\Windows\syswow64\USP10.dll
0x73f70000 - 0x7410e000 	C:\Windows\WinSxS\x86_microsoft.windows.common-controls_6595b64144ccf1df_6.0.7601.17514_none_41e6975e2bd6f2b2\COMCTL32.dll
0x75d10000 - 0x75d67000 	C:\Windows\syswow64\SHLWAPI.dll
0x76e80000 - 0x76ee0000 	C:\Windows\system32\IMM32.DLL
0x75640000 - 0x7570c000 	C:\Windows\syswow64\MSCTF.dll
0x58900000 - 0x589be000 	C:\Program Files (x86)\Java\jdk1.7.0_17\jre\bin\msvcr100.dll
0x6e770000 - 0x6eabc000 	C:\Program Files (x86)\Java\jdk1.7.0_17\jre\bin\client\jvm.dll
0x73f00000 - 0x73f07000 	C:\Windows\system32\WSOCK32.dll
0x77110000 - 0x77145000 	C:\Windows\syswow64\WS2_32.dll
0x757d0000 - 0x757d6000 	C:\Windows\syswow64\NSI.dll
0x73ec0000 - 0x73ef2000 	C:\Windows\system32\WINMM.dll
0x75710000 - 0x75715000 	C:\Windows\syswow64\PSAPI.DLL
0x63c30000 - 0x63c3c000 	C:\Program Files (x86)\Java\jdk1.7.0_17\jre\bin\verify.dll
0x5c4f0000 - 0x5c510000 	C:\Program Files (x86)\Java\jdk1.7.0_17\jre\bin\java.dll
0x5b0e0000 - 0x5b10a000 	C:\Program Files (x86)\Java\jdk1.7.0_17\jre\bin\jdwp.dll
0x63c20000 - 0x63c27000 	C:\Program Files (x86)\Java\jdk1.7.0_17\jre\bin\npt.dll
0x5bd20000 - 0x5bd33000 	C:\Program Files (x86)\Java\jdk1.7.0_17\jre\bin\zip.dll
0x63b60000 - 0x63b68000 	C:\Program Files (x86)\Java\jdk1.7.0_17\jre\bin\dt_socket.dll
0x73a00000 - 0x73a10000 	C:\Windows\system32\NLAapi.dll
0x739f0000 - 0x73a00000 	C:\Windows\system32\napinsp.dll
0x738c0000 - 0x738d2000 	C:\Windows\system32\pnrpnsp.dll
0x73880000 - 0x738bc000 	C:\Windows\System32\mswsock.dll
0x73c00000 - 0x73c44000 	C:\Windows\system32\DNSAPI.dll
0x73870000 - 0x73878000 	C:\Windows\System32\winrnr.dll
0x73860000 - 0x7386d000 	C:\Windows\system32\wshbth.dll
0x73be0000 - 0x73bfc000 	C:\Windows\system32\IPHLPAPI.DLL
0x73bd0000 - 0x73bd7000 	C:\Windows\system32\WINNSI.DLL
0x73820000 - 0x73858000 	C:\Windows\System32\fwpuclnt.dll
0x73810000 - 0x73816000 	C:\Windows\system32\rasadhlp.dll
0x72f10000 - 0x72f15000 	C:\Windows\System32\wshtcpip.dll
0x5aee0000 - 0x5b022000 	C:\Program Files (x86)\Java\jdk1.7.0_17\jre\bin\awt.dll
0x77080000 - 0x7710f000 	C:\Windows\syswow64\OLEAUT32.dll
0x75d70000 - 0x75ecc000 	C:\Windows\syswow64\ole32.dll
0x74200000 - 0x74216000 	C:\Windows\system32\CRYPTSP.dll
0x741c0000 - 0x741fb000 	C:\Windows\system32\rsaenh.dll
0x73e80000 - 0x73e97000 	C:\Windows\system32\USERENV.dll
0x73e70000 - 0x73e7b000 	C:\Windows\system32\profapi.dll
0x5b2c0000 - 0x5b2d4000 	C:\Program Files (x86)\Java\jdk1.7.0_17\jre\bin\net.dll
0x72e30000 - 0x72e36000 	C:\Windows\System32\wship6.dll
0x63bf0000 - 0x63bfe000 	C:\Program Files (x86)\Java\jdk1.7.0_17\jre\bin\nio.dll
0x00470000 - 0x004ad000 	C:\Users\twolf10\AppData\Local\Temp\jna-twolf10\jna5482507740411140795.dll
0x73c80000 - 0x73cdf000 	C:\Windows\system32\SXS.DLL
0x72900000 - 0x729eb000 	C:\Windows\system32\dbghelp.dll

VM Arguments:
jvm_args: -agentlib:jdwp=transport=dt_socket,suspend=y,address=localhost:50360 -Dfile.encoding=Cp1252 
java_command: com.sun.jna.platform.win32.COM.tlb.TlbImp
Launcher Type: SUN_STANDARD

Environment Variables:
JAVA_HOME=C:\Program Files\Java\jdk1.7.0_17
PATH=C:\Program Files (x86)\Java\jdk1.7.0_17\jre\bin;C:\Windows\system32;C:\Windows;C:\Windows\System32\Wbem;C:\Windows\System32\WindowsPowerShell\v1.0\;C:\Windows\SysWOW64\Empirum;C:\Program Files (x86)\Intel\OpenCL SDK\2.0\bin\x86;C:\Program Files (x86)\Intel\OpenCL SDK\2.0\bin\x64;C:\Program Files\WIDCOMM\Bluetooth Software\;C:\Program Files\WIDCOMM\Bluetooth Software\syswow64;C:\Program Files\T-Systems\Global Remote;C:\Program Files (x86)\Innovator\11_2_2\inoexe;C:\Program Files\TortoiseSVN\bin;C:\Program Files\Microsoft\Web Platform Installer\;C:\Program Files (x86)\Microsoft ASP.NET\ASP.NET Web Pages\v1.0\;C:\Program Files (x86)\Windows Kits\8.0\Windows Performance Toolkit\;C:\Program Files\Microsoft SQL Server\110\Tools\Binn\
USERNAME=twolf10
OS=Windows_NT
PROCESSOR_IDENTIFIER=Intel64 Family 6 Model 58 Stepping 9, GenuineIntel



---------------  S Y S T E M  ---------------

OS: Windows 7 , 64 bit Build 7601 Service Pack 1

CPU:total 4 (2 cores per cpu, 2 threads per core) family 6 model 58 stepping 9, cmov, cx8, fxsr, mmx, sse, sse2, sse3, ssse3, sse4.1, sse4.2, popcnt, avx, ht, tsc, tscinvbit, tscinv

Memory: 4k page, physical 8259456k(3177028k free), swap 16517056k(10878580k free)

vm_info: Java HotSpot(TM) Client VM (23.7-b01) for windows-x86 JRE (1.7.0_17-b02), built on Mar  1 2013 05:04:36 by "java_re" with unknown MS VC++:1600

time: Mon Apr 15 17:04:42 2013
elapsed time: 4 seconds

