#
# A fatal error has been detected by the Java Runtime Environment:
#
#  EXCEPTION_ACCESS_VIOLATION (0xc0000005) at pc=0x005a51f8, pid=8956, tid=9824
#
# JRE version: 7.0_17-b02
# Java VM: Java HotSpot(TM) Client VM (23.7-b01 mixed mode windows-x86 )
# Problematic frame:
# C  0x005a51f8
#
# Failed to write core dump. Minidumps are not enabled by default on client versions of Windows
#
# If you would like to submit a bug report, please visit:
#   http://bugreport.sun.com/bugreport/crash.jsp
# The crash happened outside the Java Virtual Machine in native code.
# See problematic frame for where to report the bug.
#

---------------  T H R E A D  ---------------

Current thread (0x0022bc00):  JavaThread "main" [_thread_in_native, id=9824, stack(0x00280000,0x002d0000)]

siginfo: ExceptionCode=0xc0000005, ExceptionInformation=0x00000008 0x005a51f8

Registers:
EAX=0x002ced00, EBX=0x00000000, ECX=0x00000000, EDX=0x00000001
ESP=0x002ced8c, EBP=0x002ced98, ESI=0x00000001, EDI=0x002cf4a4
EIP=0x005a51f8, EFLAGS=0x00010293

Top of Stack: (sp=0x002ced8c)
0x002ced8c:   0031dc25 18e1e3f0 18e1e450 002cee08
0x002ced9c:   0031d546 0031d000 002cede0 00000001
0x002cedac:   00000008 00000001 002cf4a4 005a51f8
0x002cedbc:   002cedcc 002cf918 6e95cc9e 00000002
0x002cedcc:   002cee50 00000002 002ceea0 002cee08
0x002ceddc:   0031db77 002cf440 002cf4a4 002cee30
0x002cedec:   00000002 00000002 00327408 002cee50
0x002cedfc:   00000000 00000000 002ceea0 002cf488 

Instructions: (pc=0x005a51f8)
0x005a51d8:   00 00 00 00 00 00 00 00 00 00 00 00 00 00 00 00
0x005a51e8:   00 00 00 00 00 00 00 00 d4 48 d5 37 8d 14 00 08
0x005a51f8:   20 fb 08 77 88 fd 08 77 74 fd 08 77 02 00 01 00
0x005a5208:   d4 01 00 00 10 0e 00 00 ff ff ff ff 0f 00 00 00 


Register to memory mapping:

EAX=0x002ced00 is pointing into the stack for thread: 0x0022bc00
EBX=0x00000000 is an unknown value
ECX=0x00000000 is an unknown value
EDX=0x00000001 is an unknown value
ESP=0x002ced8c is pointing into the stack for thread: 0x0022bc00
EBP=0x002ced98 is pointing into the stack for thread: 0x0022bc00
ESI=0x00000001 is an unknown value
EDI=0x002cf4a4 is pointing into the stack for thread: 0x0022bc00


Stack: [0x00280000,0x002d0000],  sp=0x002ced8c,  free space=315k
Native frames: (J=compiled Java code, j=interpreted, Vv=VM code, C=native code)
C  0x005a51f8
C  [jna5787620003488545748.dll+0xd546]  Java_com_sun_jna_Native_initialize_1ffi_1type+0x3a46
C  [jna5787620003488545748.dll+0x2e5e]
C  [jna5787620003488545748.dll+0x54ce]  Java_com_sun_jna_Native_invokeInt+0x2e
j  com.sun.jna.Native.invokeInt(JI[Ljava/lang/Object;)I+0
j  com.sun.jna.Function.invoke([Ljava/lang/Object;Ljava/lang/Class;Z)Ljava/lang/Object;+223
j  com.sun.jna.Function.invoke(Ljava/lang/Class;[Ljava/lang/Object;Ljava/util/Map;)Ljava/lang/Object;+195
j  com.sun.jna.Function.invoke(Ljava/lang/Class;[Ljava/lang/Object;)Ljava/lang/Object;+7
j  com.sun.jna.Function.invokeInt([Ljava/lang/Object;)I+4
j  com.sun.jna.platform.win32.COM.COMClass._invokeNativeInt(I[Ljava/lang/Object;)I+27
j  com.sun.jna.platform.win32.COM.COMClass.invoke(Ljava/lang/Object;Ljava/lang/reflect/Method;[Ljava/lang/Object;)Ljava/lang/Object;+110
j  com.sun.proxy.$Proxy7.GetTypeAttr(Lcom/sun/jna/ptr/PointerByReference;)Lcom/sun/jna/platform/win32/WinNT$HRESULT;+16
j  com.sun.jna.platform.win32.COM.TypeInfo.GetTypeAttr(Lcom/sun/jna/ptr/PointerByReference;)Lcom/sun/jna/platform/win32/WinNT$HRESULT;+5
j  com.sun.jna.platform.win32.COM.TypeInfoUtil.getTypeAttr()Lcom/sun/jna/platform/win32/OaIdl$TYPEATTR;+13
j  com.sun.jna.platform.win32.COM.tlb.imp.TlbDispatchInterface.<init>(ILcom/sun/jna/platform/win32/COM/TypeLibUtil;)V+69
j  com.sun.jna.platform.win32.COM.tlb.TlbImp.createCOMDispatch(ILcom/sun/jna/platform/win32/COM/TypeLibUtil;)V+6
j  com.sun.jna.platform.win32.COM.tlb.TlbImp.startCOM2Java()V+128
j  com.sun.jna.platform.win32.COM.tlb.TlbImp.main([Ljava/lang/String;)V+7
v  ~StubRoutines::call_stub
V  [jvm.dll+0x12a34a]
V  [jvm.dll+0x1d968e]
V  [jvm.dll+0x12a3cd]
V  [jvm.dll+0xaede4]
V  [jvm.dll+0xb9157]
C  [javaw.exe+0x206c]
C  [javaw.exe+0xa5a1]
C  [javaw.exe+0xa62b]
C  [kernel32.dll+0x133aa]  BaseThreadInitThunk+0x12
C  [ntdll.dll+0x39ef2]  RtlInitializeExceptionChain+0x63
C  [ntdll.dll+0x39ec5]  RtlInitializeExceptionChain+0x36

Java frames: (J=compiled Java code, j=interpreted, Vv=VM code)
j  com.sun.jna.Native.invokeInt(JI[Ljava/lang/Object;)I+0
j  com.sun.jna.Function.invoke([Ljava/lang/Object;Ljava/lang/Class;Z)Ljava/lang/Object;+223
j  com.sun.jna.Function.invoke(Ljava/lang/Class;[Ljava/lang/Object;Ljava/util/Map;)Ljava/lang/Object;+195
j  com.sun.jna.Function.invoke(Ljava/lang/Class;[Ljava/lang/Object;)Ljava/lang/Object;+7
j  com.sun.jna.Function.invokeInt([Ljava/lang/Object;)I+4
j  com.sun.jna.platform.win32.COM.COMClass._invokeNativeInt(I[Ljava/lang/Object;)I+27
j  com.sun.jna.platform.win32.COM.COMClass.invoke(Ljava/lang/Object;Ljava/lang/reflect/Method;[Ljava/lang/Object;)Ljava/lang/Object;+110
j  com.sun.proxy.$Proxy7.GetTypeAttr(Lcom/sun/jna/ptr/PointerByReference;)Lcom/sun/jna/platform/win32/WinNT$HRESULT;+16
j  com.sun.jna.platform.win32.COM.TypeInfo.GetTypeAttr(Lcom/sun/jna/ptr/PointerByReference;)Lcom/sun/jna/platform/win32/WinNT$HRESULT;+5
j  com.sun.jna.platform.win32.COM.TypeInfoUtil.getTypeAttr()Lcom/sun/jna/platform/win32/OaIdl$TYPEATTR;+13
j  com.sun.jna.platform.win32.COM.tlb.imp.TlbDispatchInterface.<init>(ILcom/sun/jna/platform/win32/COM/TypeLibUtil;)V+69
j  com.sun.jna.platform.win32.COM.tlb.TlbImp.createCOMDispatch(ILcom/sun/jna/platform/win32/COM/TypeLibUtil;)V+6
j  com.sun.jna.platform.win32.COM.tlb.TlbImp.startCOM2Java()V+128
j  com.sun.jna.platform.win32.COM.tlb.TlbImp.main([Ljava/lang/String;)V+7
v  ~StubRoutines::call_stub

---------------  P R O C E S S  ---------------

Java Threads: ( => current thread )
  0x185b0000 JavaThread "Service Thread" daemon [_thread_blocked, id=4928, stack(0x194f0000,0x19540000)]
  0x185ad800 JavaThread "C1 CompilerThread0" daemon [_thread_blocked, id=6940, stack(0x19470000,0x194c0000)]
  0x1859e400 JavaThread "JDWP Command Reader" daemon [_thread_in_native, id=8740, stack(0x19350000,0x193a0000)]
  0x1859d400 JavaThread "JDWP Event Helper Thread" daemon [_thread_blocked, id=3932, stack(0x192f0000,0x19340000)]
  0x18595000 JavaThread "JDWP Transport Listener: dt_socket" daemon [_thread_blocked, id=6108, stack(0x19210000,0x19260000)]
  0x1858ec00 JavaThread "Attach Listener" daemon [_thread_blocked, id=8408, stack(0x18820000,0x18870000)]
  0x18589c00 JavaThread "Signal Dispatcher" daemon [_thread_blocked, id=10728, stack(0x18a10000,0x18a60000)]
  0x1852d000 JavaThread "Finalizer" daemon [_thread_blocked, id=3068, stack(0x189b0000,0x18a00000)]
  0x1852ac00 JavaThread "Reference Handler" daemon [_thread_blocked, id=5316, stack(0x188a0000,0x188f0000)]
=>0x0022bc00 JavaThread "main" [_thread_in_native, id=9824, stack(0x00280000,0x002d0000)]

Other Threads:
  0x18526800 VMThread [stack: 0x00cd0000,0x00d20000] [id=6044]
  0x185b9800 WatcherThread [stack: 0x193a0000,0x193f0000] [id=7696]

VM state:not at safepoint (normal execution)

VM Mutex/Monitor currently owned by a thread: None

Heap
 def new generation   total 4928K, used 2529K [0x04520000, 0x04a70000, 0x09a70000)
  eden space 4416K,  45% used [0x04520000, 0x04718720, 0x04970000)
  from space 512K, 100% used [0x049f0000, 0x04a70000, 0x04a70000)
  to   space 512K,   0% used [0x04970000, 0x04970000, 0x049f0000)
 tenured generation   total 10944K, used 25K [0x09a70000, 0x0a520000, 0x14520000)
   the space 10944K,   0% used [0x09a70000, 0x09a76490, 0x09a76600, 0x0a520000)
 compacting perm gen  total 12288K, used 4095K [0x14520000, 0x15120000, 0x18520000)
   the space 12288K,  33% used [0x14520000, 0x1491fe40, 0x14920000, 0x15120000)
No shared spaces configured.

Card table byte_map: [0x00b10000,0x00bc0000] byte_map_base: 0x00aed700

Polling page: 0x00130000

Code Cache  [0x02520000, 0x025e8000, 0x04520000)
 total_blobs=283 nmethods=127 adapters=99 free_code_cache=31989Kb largest_free_block=32757504

Compilation events (10 events):
Event: 0.441 Thread 0x185ad800  123  s          java.io.BufferedInputStream::read (49 bytes)
Event: 0.441 Thread 0x185ad800 nmethod 123 0x025e10c8 code [0x025e11f0, 0x025e14e8]
Event: 0.453 Thread 0x185ad800  124             sun.misc.ProxyGenerator$ConstantPool::getNameAndType (30 bytes)
Event: 0.453 Thread 0x185ad800 nmethod 124 0x025e18c8 code [0x025e1a10, 0x025e1c2c]
Event: 0.453 Thread 0x185ad800  125             java.lang.Class::getName (21 bytes)
Event: 0.453 Thread 0x185ad800 nmethod 125 0x025e1e88 code [0x025e1f80, 0x025e203c]
Event: 0.454 Thread 0x185ad800  126             sun.misc.ProxyGenerator$ConstantPool::write (64 bytes)
Event: 0.454 Thread 0x185ad800 nmethod 126 0x025e20c8 code [0x025e2240, 0x025e2504]
Event: 0.456 Thread 0x185ad800  127             java.lang.reflect.Field::getName (5 bytes)
Event: 0.456 Thread 0x185ad800 nmethod 127 0x025e2748 code [0x025e2840, 0x025e28c0]

GC Heap History (2 events):
Event: 0.367 GC heap before
{Heap before GC invocations=0 (full 0):
 def new generation   total 4928K, used 4416K [0x04520000, 0x04a70000, 0x09a70000)
  eden space 4416K, 100% used [0x04520000, 0x04970000, 0x04970000)
  from space 512K,   0% used [0x04970000, 0x04970000, 0x049f0000)
  to   space 512K,   0% used [0x049f0000, 0x049f0000, 0x04a70000)
 tenured generation   total 10944K, used 0K [0x09a70000, 0x0a520000, 0x14520000)
   the space 10944K,   0% used [0x09a70000, 0x09a70000, 0x09a70200, 0x0a520000)
 compacting perm gen  total 12288K, used 3373K [0x14520000, 0x15120000, 0x18520000)
   the space 12288K,  27% used [0x14520000, 0x1486b5f8, 0x1486b600, 0x15120000)
No shared spaces configured.
Event: 0.371 GC heap after
Heap after GC invocations=1 (full 0):
 def new generation   total 4928K, used 512K [0x04520000, 0x04a70000, 0x09a70000)
  eden space 4416K,   0% used [0x04520000, 0x04520000, 0x04970000)
  from space 512K, 100% used [0x049f0000, 0x04a70000, 0x04a70000)
  to   space 512K,   0% used [0x04970000, 0x04970000, 0x049f0000)
 tenured generation   total 10944K, used 25K [0x09a70000, 0x0a520000, 0x14520000)
   the space 10944K,   0% used [0x09a70000, 0x09a76490, 0x09a76600, 0x0a520000)
 compacting perm gen  total 12288K, used 3373K [0x14520000, 0x15120000, 0x18520000)
   the space 12288K,  27% used [0x14520000, 0x1486b5f8, 0x1486b600, 0x15120000)
No shared spaces configured.
}

Deoptimization events (0 events):
No events

Internal exceptions (10 events):
Event: 0.430 Thread 0x0022bc00 Threw 0x046875c8 at C:\jdk7u2_32P\jdk7u17\hotspot\src\share\vm\prims\jvm.cpp:1166
Event: 0.430 Thread 0x0022bc00 Threw 0x0468ac98 at C:\jdk7u2_32P\jdk7u17\hotspot\src\share\vm\prims\jvm.cpp:1166
Event: 0.444 Thread 0x0022bc00 Threw 0x046b3e58 at C:\jdk7u2_32P\jdk7u17\hotspot\src\share\vm\prims\jvm.cpp:1166
Event: 0.450 Thread 0x0022bc00 Threw 0x046bd568 at C:\jdk7u2_32P\jdk7u17\hotspot\src\share\vm\prims\jvm.cpp:1166
Event: 0.450 Thread 0x0022bc00 Threw 0x046c0058 at C:\jdk7u2_32P\jdk7u17\hotspot\src\share\vm\prims\jvm.cpp:1166
Event: 0.451 Thread 0x0022bc00 Threw 0x046c31c8 at C:\jdk7u2_32P\jdk7u17\hotspot\src\share\vm\prims\jvm.cpp:1166
Event: 0.451 Thread 0x0022bc00 Threw 0x046c5cd0 at C:\jdk7u2_32P\jdk7u17\hotspot\src\share\vm\prims\jvm.cpp:1166
Event: 0.452 Thread 0x0022bc00 Threw 0x046c8da0 at C:\jdk7u2_32P\jdk7u17\hotspot\src\share\vm\prims\jvm.cpp:1166
Event: 0.452 Thread 0x0022bc00 Threw 0x046cc0a8 at C:\jdk7u2_32P\jdk7u17\hotspot\src\share\vm\prims\jvm.cpp:1166
Event: 0.452 Thread 0x0022bc00 Threw 0x046cec58 at C:\jdk7u2_32P\jdk7u17\hotspot\src\share\vm\prims\jvm.cpp:1166

Events (10 events):
Event: 15.627 Executing VM operation: ChangeBreakpoints
Event: 15.627 Executing VM operation: ChangeBreakpoints done
Event: 16.295 Executing VM operation: EnterInterpOnlyMode
Event: 16.296 Executing VM operation: EnterInterpOnlyMode done
Event: 16.296 Executing VM operation: GetCurrentLocation
Event: 16.296 Executing VM operation: GetCurrentLocation done
Event: 16.296 Executing VM operation: ChangeSingleStep
Event: 16.296 Executing VM operation: ChangeSingleStep done
Event: 16.296 Executing VM operation: ChangeSingleStep
Event: 16.297 Executing VM operation: ChangeSingleStep done


Dynamic libraries:
0x00db0000 - 0x00ddf000 	C:\Program Files (x86)\Java\jdk1.7.0_17\bin\javaw.exe
0x779e0000 - 0x77b60000 	C:\Windows\SysWOW64\ntdll.dll
0x771a0000 - 0x772b0000 	C:\Windows\syswow64\kernel32.dll
0x758e0000 - 0x75927000 	C:\Windows\syswow64\KERNELBASE.dll
0x75a50000 - 0x75af0000 	C:\Windows\syswow64\ADVAPI32.dll
0x75720000 - 0x757cc000 	C:\Windows\syswow64\msvcrt.dll
0x75cc0000 - 0x75cd9000 	C:\Windows\SysWOW64\sechost.dll
0x757f0000 - 0x758e0000 	C:\Windows\syswow64\RPCRT4.dll
0x75540000 - 0x755a0000 	C:\Windows\syswow64\SspiCli.dll
0x75530000 - 0x7553c000 	C:\Windows\syswow64\CRYPTBASE.dll
0x76070000 - 0x76170000 	C:\Windows\syswow64\USER32.dll
0x75c30000 - 0x75cc0000 	C:\Windows\syswow64\GDI32.dll
0x779b0000 - 0x779ba000 	C:\Windows\syswow64\LPK.dll
0x755a0000 - 0x7563d000 	C:\Windows\syswow64\USP10.dll
0x73f70000 - 0x7410e000 	C:\Windows\WinSxS\x86_microsoft.windows.common-controls_6595b64144ccf1df_6.0.7601.17514_none_41e6975e2bd6f2b2\COMCTL32.dll
0x75d10000 - 0x75d67000 	C:\Windows\syswow64\SHLWAPI.dll
0x76e80000 - 0x76ee0000 	C:\Windows\system32\IMM32.DLL
0x75640000 - 0x7570c000 	C:\Windows\syswow64\MSCTF.dll
0x58900000 - 0x589be000 	C:\Program Files (x86)\Java\jdk1.7.0_17\jre\bin\msvcr100.dll
0x6e6f0000 - 0x6ea3c000 	C:\Program Files (x86)\Java\jdk1.7.0_17\jre\bin\client\jvm.dll
0x73f00000 - 0x73f07000 	C:\Windows\system32\WSOCK32.dll
0x77110000 - 0x77145000 	C:\Windows\syswow64\WS2_32.dll
0x757d0000 - 0x757d6000 	C:\Windows\syswow64\NSI.dll
0x73ec0000 - 0x73ef2000 	C:\Windows\system32\WINMM.dll
0x75710000 - 0x75715000 	C:\Windows\syswow64\PSAPI.DLL
0x63c20000 - 0x63c2c000 	C:\Program Files (x86)\Java\jdk1.7.0_17\jre\bin\verify.dll
0x5c4f0000 - 0x5c510000 	C:\Program Files (x86)\Java\jdk1.7.0_17\jre\bin\java.dll
0x5b0e0000 - 0x5b10a000 	C:\Program Files (x86)\Java\jdk1.7.0_17\jre\bin\jdwp.dll
0x63c30000 - 0x63c37000 	C:\Program Files (x86)\Java\jdk1.7.0_17\jre\bin\npt.dll
0x5bd20000 - 0x5bd33000 	C:\Program Files (x86)\Java\jdk1.7.0_17\jre\bin\zip.dll
0x63bf0000 - 0x63bf8000 	C:\Program Files (x86)\Java\jdk1.7.0_17\jre\bin\dt_socket.dll
0x73a00000 - 0x73a10000 	C:\Windows\system32\NLAapi.dll
0x739f0000 - 0x73a00000 	C:\Windows\system32\napinsp.dll
0x738c0000 - 0x738d2000 	C:\Windows\system32\pnrpnsp.dll
0x73880000 - 0x738bc000 	C:\Windows\System32\mswsock.dll
0x73c00000 - 0x73c44000 	C:\Windows\system32\DNSAPI.dll
0x73870000 - 0x73878000 	C:\Windows\System32\winrnr.dll
0x73860000 - 0x7386d000 	C:\Windows\system32\wshbth.dll
0x73be0000 - 0x73bfc000 	C:\Windows\system32\IPHLPAPI.DLL
0x73bd0000 - 0x73bd7000 	C:\Windows\system32\WINNSI.DLL
0x73820000 - 0x73858000 	C:\Windows\System32\fwpuclnt.dll
0x73810000 - 0x73816000 	C:\Windows\system32\rasadhlp.dll
0x72f10000 - 0x72f15000 	C:\Windows\System32\wshtcpip.dll
0x5aee0000 - 0x5b022000 	C:\Program Files (x86)\Java\jdk1.7.0_17\jre\bin\awt.dll
0x77080000 - 0x7710f000 	C:\Windows\syswow64\OLEAUT32.dll
0x75d70000 - 0x75ecc000 	C:\Windows\syswow64\ole32.dll
0x74200000 - 0x74216000 	C:\Windows\system32\CRYPTSP.dll
0x741c0000 - 0x741fb000 	C:\Windows\system32\rsaenh.dll
0x73e80000 - 0x73e97000 	C:\Windows\system32\USERENV.dll
0x73e70000 - 0x73e7b000 	C:\Windows\system32\profapi.dll
0x5b2c0000 - 0x5b2d4000 	C:\Program Files (x86)\Java\jdk1.7.0_17\jre\bin\net.dll
0x72e30000 - 0x72e36000 	C:\Windows\System32\wship6.dll
0x63b60000 - 0x63b6e000 	C:\Program Files (x86)\Java\jdk1.7.0_17\jre\bin\nio.dll
0x00310000 - 0x0034d000 	C:\Users\twolf10\AppData\Local\Temp\jna-twolf10\jna5787620003488545748.dll
0x73c80000 - 0x73cdf000 	C:\Windows\system32\SXS.DLL
0x72900000 - 0x729eb000 	C:\Windows\system32\dbghelp.dll

VM Arguments:
jvm_args: -agentlib:jdwp=transport=dt_socket,suspend=y,address=localhost:37709 -Dfile.encoding=Cp1252 
java_command: com.sun.jna.platform.win32.COM.tlb.TlbImp
Launcher Type: SUN_STANDARD

Environment Variables:
JAVA_HOME=C:\Program Files\Java\jdk1.7.0_17
PATH=C:\Program Files (x86)\Java\jdk1.7.0_17\jre\bin;C:\Windows\system32;C:\Windows;C:\Windows\System32\Wbem;C:\Windows\System32\WindowsPowerShell\v1.0\;C:\Windows\SysWOW64\Empirum;C:\Program Files (x86)\Intel\OpenCL SDK\2.0\bin\x86;C:\Program Files (x86)\Intel\OpenCL SDK\2.0\bin\x64;C:\Program Files\WIDCOMM\Bluetooth Software\;C:\Program Files\WIDCOMM\Bluetooth Software\syswow64;C:\Program Files\T-Systems\Global Remote;C:\Program Files (x86)\Innovator\11_2_2\inoexe;C:\Program Files\TortoiseSVN\bin;C:\Program Files\Microsoft\Web Platform Installer\;C:\Program Files (x86)\Microsoft ASP.NET\ASP.NET Web Pages\v1.0\;C:\Program Files (x86)\Windows Kits\8.0\Windows Performance Toolkit\;C:\Program Files\Microsoft SQL Server\110\Tools\Binn\
USERNAME=twolf10
OS=Windows_NT
PROCESSOR_IDENTIFIER=Intel64 Family 6 Model 58 Stepping 9, GenuineIntel



---------------  S Y S T E M  ---------------

OS: Windows 7 , 64 bit Build 7601 Service Pack 1

CPU:total 4 (2 cores per cpu, 2 threads per core) family 6 model 58 stepping 9, cmov, cx8, fxsr, mmx, sse, sse2, sse3, ssse3, sse4.1, sse4.2, popcnt, avx, ht, tsc, tscinvbit, tscinv

Memory: 4k page, physical 8259456k(3265376k free), swap 16517056k(11012292k free)

vm_info: Java HotSpot(TM) Client VM (23.7-b01) for windows-x86 JRE (1.7.0_17-b02), built on Mar  1 2013 05:04:36 by "java_re" with unknown MS VC++:1600

time: Mon Apr 15 16:59:13 2013
elapsed time: 16 seconds

