#
# A fatal error has been detected by the Java Runtime Environment:
#
#  EXCEPTION_ACCESS_VIOLATION (0xc0000005) at pc=0x012b6601, pid=7500, tid=9148
#
# JRE version: 7.0_09-b05
# Java VM: Java HotSpot(TM) Client VM (23.5-b02 mixed mode windows-x86 )
# Problematic frame:
# C  [jna8255488883867955339.dll+0x6601]  Java_com_sun_jna_Native_getInt+0x21
#
# Failed to write core dump. Minidumps are not enabled by default on client versions of Windows
#
# If you would like to submit a bug report, please visit:
#   http://bugreport.sun.com/bugreport/crash.jsp
# The crash happened outside the Java Virtual Machine in native code.
# See problematic frame for where to report the bug.
#

---------------  T H R E A D  ---------------

Current thread (0x0285bc00):  JavaThread "main" [_thread_in_native, id=9148, stack(0x02910000,0x02960000)]

siginfo: ExceptionCode=0xc0000005, reading address 0x00000001

Registers:
EAX=0x00000001, EBX=0x14c59a98, ECX=0x0285bd28, EDX=0x00000000
ESP=0x0295eb20, EBP=0x0295ebe8, ESI=0x14c59a98, EDI=0x0285bc00
EIP=0x012b6601, EFLAGS=0x00010246

Top of Stack: (sp=0x0295eb20)
0x0295eb20:   00000032 00000758 14d56e28 04e52128
0x0295eb30:   0295eb00 01f445c0 0285dd78 00000000
0x0295eb40:   0285e328 0285cf04 00000001 0295016c
0x0295eb50:   02710980 02710980 5729012c 0295eb68
0x0295eb60:   5740547c 0285c578 0295eb74 573611cf
0x0295eb70:   00000004 0295eb84 57361833 02b103a7
0x0295eb80:   04e53678 0295eb94 572950c8 0285c578
0x0295eb90:   04e53678 0295ebd4 0295ebd4 02a834da 

Instructions: (pc=0x012b6601)
0x012b65e1:   31 c0 89 e5 81 ec c8 00 00 00 89 85 54 ff ff ff
0x012b65f1:   a1 28 90 2c 01 31 d2 85 c0 75 4c 8b 45 10 85 d2
0x012b6601:   8b 00 89 85 54 ff ff ff 74 1d b8 dc 50 2c 01 b9
0x012b6611:   00 50 2c 01 89 44 24 08 8b 45 08 89 4c 24 04 89 


Register to memory mapping:

EAX=0x00000001 is an unknown value
EBX=0x14c59a98 is an oop
{method} 
 - klass: {other class}
ECX=0x0285bd28 is an unknown value
EDX=0x00000000 is an unknown value
ESP=0x0295eb20 is pointing into the stack for thread: 0x0285bc00
EBP=0x0295ebe8 is pointing into the stack for thread: 0x0285bc00
ESI=0x14c59a98 is an oop
{method} 
 - klass: {other class}
EDI=0x0285bc00 is a thread


Stack: [0x02910000,0x02960000],  sp=0x0295eb20,  free space=314k
Native frames: (J=compiled Java code, j=interpreted, Vv=VM code, C=native code)
C  [jna8255488883867955339.dll+0x6601]  Java_com_sun_jna_Native_getInt+0x21
j  com.sun.jna.Native.getInt(J)I+0
j  com.sun.jna.Pointer.getInt(J)I+6
j  com.sun.jna.Pointer.getValue(JLjava/lang/Class;Ljava/lang/Object;)Ljava/lang/Object;+207
j  com.sun.jna.Structure.readField(Lcom/sun/jna/Structure$StructField;)Ljava/lang/Object;+113
j  com.sun.jna.Structure.read()V+76
j  com.sun.jna.Structure.autoRead()V+8
j  com.sun.jna.Structure.updateStructureByReference(Ljava/lang/Class;Lcom/sun/jna/Structure;Lcom/sun/jna/Pointer;)Lcom/sun/jna/Structure;+68
j  com.sun.jna.Pointer.getValue(JLjava/lang/Class;Ljava/lang/Object;)Ljava/lang/Object;+36
j  com.sun.jna.Structure.readField(Lcom/sun/jna/Structure$StructField;)Ljava/lang/Object;+113
j  com.sun.jna.Structure.read()V+76
j  com.sun.jna.Structure.autoRead()V+8
j  com.sun.jna.Function.invoke([Ljava/lang/Object;Ljava/lang/Class;Z)Ljava/lang/Object;+509
j  com.sun.jna.Function.invoke(Ljava/lang/Class;[Ljava/lang/Object;Ljava/util/Map;)Ljava/lang/Object;+195
j  com.sun.jna.Library$Handler.invoke(Ljava/lang/Object;Ljava/lang/reflect/Method;[Ljava/lang/Object;)Ljava/lang/Object;+334
j  $Proxy0.SafeArrayCreate(II[Lcom/sun/jna/platform/win32/OaIdl$SAFEARRAYBOUND;)Lcom/sun/jna/platform/win32/OaIdl$SAFEARRAY$ByReference;+30
j  com.sun.jna.platform.win32.OleAut32Util.createVarArray(I)Lcom/sun/jna/platform/win32/OaIdl$SAFEARRAY$ByReference;+24
j  com.sun.jna.platform.win32.Oleaut32Test.testDISPPARAMS()V+27
v  ~StubRoutines::call_stub
V  [jvm.dll+0x12a39a]
V  [jvm.dll+0x1d978e]
V  [jvm.dll+0x12a41d]
V  [jvm.dll+0x13539e]
V  [jvm.dll+0x13569e]
V  [jvm.dll+0xd50a9]
C  [java.dll+0x7de6]  Java_sun_reflect_NativeMethodAccessorImpl_invoke0+0x15
j  sun.reflect.NativeMethodAccessorImpl.invoke(Ljava/lang/Object;[Ljava/lang/Object;)Ljava/lang/Object;+87
j  sun.reflect.DelegatingMethodAccessorImpl.invoke(Ljava/lang/Object;[Ljava/lang/Object;)Ljava/lang/Object;+6
j  java.lang.reflect.Method.invoke(Ljava/lang/Object;[Ljava/lang/Object;)Ljava/lang/Object;+57
j  junit.framework.TestCase.runTest()V+108
j  junit.framework.TestCase.runBare()V+7
j  junit.framework.TestResult$1.protect()V+4
j  junit.framework.TestResult.runProtected(Ljunit/framework/Test;Ljunit/framework/Protectable;)V+1
j  junit.framework.TestResult.run(Ljunit/framework/TestCase;)V+18
j  junit.framework.TestCase.run(Ljunit/framework/TestResult;)V+2
j  junit.framework.TestSuite.runTest(Ljunit/framework/Test;Ljunit/framework/TestResult;)V+2
j  junit.framework.TestSuite.run(Ljunit/framework/TestResult;)V+37
j  junit.textui.TestRunner.doRun(Ljunit/framework/Test;Z)Ljunit/framework/TestResult;+20
j  junit.textui.TestRunner.doRun(Ljunit/framework/Test;)Ljunit/framework/TestResult;+3
j  junit.textui.TestRunner.run(Ljunit/framework/Test;)Ljunit/framework/TestResult;+10
j  junit.textui.TestRunner.run(Ljava/lang/Class;)V+8
j  com.sun.jna.platform.win32.Oleaut32Test.main([Ljava/lang/String;)V+2
v  ~StubRoutines::call_stub
V  [jvm.dll+0x12a39a]
V  [jvm.dll+0x1d978e]
V  [jvm.dll+0x12a41d]
V  [jvm.dll+0xaee94]
V  [jvm.dll+0xb9217]
C  [javaw.exe+0x1fea]
C  [javaw.exe+0xa0eb]
C  [javaw.exe+0xa175]
C  [kernel32.dll+0x4d0e9]  BaseThreadInitThunk+0x12
C  [ntdll.dll+0x415e3]  RtlInitializeExceptionChain+0x63
C  [ntdll.dll+0x415b6]  RtlInitializeExceptionChain+0x36

Java frames: (J=compiled Java code, j=interpreted, Vv=VM code)
j  com.sun.jna.Native.getInt(J)I+0
j  com.sun.jna.Pointer.getInt(J)I+6
j  com.sun.jna.Pointer.getValue(JLjava/lang/Class;Ljava/lang/Object;)Ljava/lang/Object;+207
j  com.sun.jna.Structure.readField(Lcom/sun/jna/Structure$StructField;)Ljava/lang/Object;+113
j  com.sun.jna.Structure.read()V+76
j  com.sun.jna.Structure.autoRead()V+8
j  com.sun.jna.Structure.updateStructureByReference(Ljava/lang/Class;Lcom/sun/jna/Structure;Lcom/sun/jna/Pointer;)Lcom/sun/jna/Structure;+68
j  com.sun.jna.Pointer.getValue(JLjava/lang/Class;Ljava/lang/Object;)Ljava/lang/Object;+36
j  com.sun.jna.Structure.readField(Lcom/sun/jna/Structure$StructField;)Ljava/lang/Object;+113
j  com.sun.jna.Structure.read()V+76
j  com.sun.jna.Structure.autoRead()V+8
j  com.sun.jna.Function.invoke([Ljava/lang/Object;Ljava/lang/Class;Z)Ljava/lang/Object;+509
j  com.sun.jna.Function.invoke(Ljava/lang/Class;[Ljava/lang/Object;Ljava/util/Map;)Ljava/lang/Object;+195
j  com.sun.jna.Library$Handler.invoke(Ljava/lang/Object;Ljava/lang/reflect/Method;[Ljava/lang/Object;)Ljava/lang/Object;+334
j  $Proxy0.SafeArrayCreate(II[Lcom/sun/jna/platform/win32/OaIdl$SAFEARRAYBOUND;)Lcom/sun/jna/platform/win32/OaIdl$SAFEARRAY$ByReference;+30
j  com.sun.jna.platform.win32.OleAut32Util.createVarArray(I)Lcom/sun/jna/platform/win32/OaIdl$SAFEARRAY$ByReference;+24
j  com.sun.jna.platform.win32.Oleaut32Test.testDISPPARAMS()V+27
v  ~StubRoutines::call_stub
j  sun.reflect.NativeMethodAccessorImpl.invoke0(Ljava/lang/reflect/Method;Ljava/lang/Object;[Ljava/lang/Object;)Ljava/lang/Object;+0
j  sun.reflect.NativeMethodAccessorImpl.invoke(Ljava/lang/Object;[Ljava/lang/Object;)Ljava/lang/Object;+87
j  sun.reflect.DelegatingMethodAccessorImpl.invoke(Ljava/lang/Object;[Ljava/lang/Object;)Ljava/lang/Object;+6
j  java.lang.reflect.Method.invoke(Ljava/lang/Object;[Ljava/lang/Object;)Ljava/lang/Object;+57
j  junit.framework.TestCase.runTest()V+108
j  junit.framework.TestCase.runBare()V+7
j  junit.framework.TestResult$1.protect()V+4
j  junit.framework.TestResult.runProtected(Ljunit/framework/Test;Ljunit/framework/Protectable;)V+1
j  junit.framework.TestResult.run(Ljunit/framework/TestCase;)V+18
j  junit.framework.TestCase.run(Ljunit/framework/TestResult;)V+2
j  junit.framework.TestSuite.runTest(Ljunit/framework/Test;Ljunit/framework/TestResult;)V+2
j  junit.framework.TestSuite.run(Ljunit/framework/TestResult;)V+37
j  junit.textui.TestRunner.doRun(Ljunit/framework/Test;Z)Ljunit/framework/TestResult;+20
j  junit.textui.TestRunner.doRun(Ljunit/framework/Test;)Ljunit/framework/TestResult;+3
j  junit.textui.TestRunner.run(Ljunit/framework/Test;)Ljunit/framework/TestResult;+10
j  junit.textui.TestRunner.run(Ljava/lang/Class;)V+8
j  com.sun.jna.platform.win32.Oleaut32Test.main([Ljava/lang/String;)V+2
v  ~StubRoutines::call_stub

---------------  P R O C E S S  ---------------

Java Threads: ( => current thread )
  0x18c61800 JavaThread "Service Thread" daemon [_thread_blocked, id=176, stack(0x18df0000,0x18e40000)]
  0x18c5c800 JavaThread "C1 CompilerThread0" daemon [_thread_blocked, id=10080, stack(0x19330000,0x19380000)]
  0x18c4dc00 JavaThread "JDWP Command Reader" daemon [_thread_in_native, id=9268, stack(0x191c0000,0x19210000)]
  0x18c4c800 JavaThread "JDWP Event Helper Thread" daemon [_thread_blocked, id=8076, stack(0x18e90000,0x18ee0000)]
  0x18c41800 JavaThread "JDWP Transport Listener: dt_socket" daemon [_thread_blocked, id=8140, stack(0x19030000,0x19080000)]
  0x18c3ac00 JavaThread "Attach Listener" daemon [_thread_blocked, id=9656, stack(0x18fc0000,0x19010000)]
  0x18c37c00 JavaThread "Signal Dispatcher" daemon [_thread_blocked, id=10144, stack(0x18f00000,0x18f50000)]
  0x18be3800 JavaThread "Finalizer" daemon [_thread_blocked, id=8448, stack(0x18e40000,0x18e90000)]
  0x027fc800 JavaThread "Reference Handler" daemon [_thread_blocked, id=9712, stack(0x18a80000,0x18ad0000)]
=>0x0285bc00 JavaThread "main" [_thread_in_native, id=9148, stack(0x02910000,0x02960000)]

Other Threads:
  0x027f8c00 VMThread [stack: 0x18b90000,0x18be0000] [id=3540]
  0x18c6b000 WatcherThread [stack: 0x193b0000,0x19400000] [id=9824]

VM state:not at safepoint (normal execution)

VM Mutex/Monitor currently owned by a thread: None

Heap
 def new generation   total 4928K, used 3926K [0x04a80000, 0x04fd0000, 0x09fd0000)
  eden space 4416K,  88% used [0x04a80000, 0x04e55bb0, 0x04ed0000)
  from space 512K,   0% used [0x04ed0000, 0x04ed0000, 0x04f50000)
  to   space 512K,   0% used [0x04f50000, 0x04f50000, 0x04fd0000)
 tenured generation   total 10944K, used 0K [0x09fd0000, 0x0aa80000, 0x14a80000)
   the space 10944K,   0% used [0x09fd0000, 0x09fd0000, 0x09fd0200, 0x0aa80000)
 compacting perm gen  total 12288K, used 3298K [0x14a80000, 0x15680000, 0x18a80000)
   the space 12288K,  26% used [0x14a80000, 0x14db88e8, 0x14db8a00, 0x15680000)
No shared spaces configured.

Card table byte_map: [0x02960000,0x02a10000] byte_map_base: 0x0293ac00

Polling page: 0x00290000

Code Cache  [0x02a80000, 0x02b40000, 0x04a80000)
 total_blobs=253 nmethods=98 adapters=98 free_code_cache=32016Kb largest_free_block=32784640

Compilation events (10 events):
Event: 0.498 Thread 0x18c5c800   92             java.util.WeakHashMap::hash (65 bytes)
Event: 0.498 Thread 0x18c5c800 nmethod 92 0x02b3a7c8 code [0x02b3a8f0, 0x02b3aa84]
Event: 0.500 Thread 0x18c5c800   93   !         com.sun.jna.Native::findEnclosingLibraryClass (87 bytes)
Event: 0.500 Thread 0x18c5c800 nmethod 93 0x02b3ae88 code [0x02b3b000, 0x02b3b390]
Event: 0.502 Thread 0x18c5c800   95             java.util.LinkedHashMap::access$100 (5 bytes)
Event: 0.502 Thread 0x18c5c800 nmethod 95 0x02b3b588 code [0x02b3b680, 0x02b3b6f0]
Event: 0.505 Thread 0x18c5c800   96             java.lang.String::indexOf (7 bytes)
Event: 0.505 Thread 0x18c5c800 nmethod 96 0x02b3b748 code [0x02b3b850, 0x02b3b92c]
Event: 0.511 Thread 0x18c5c800   98             java.lang.ref.SoftReference::get (29 bytes)
Event: 0.512 Thread 0x18c5c800 nmethod 98 0x02b3bd08 code [0x02b3be00, 0x02b3bec0]

GC Heap History (0 events):
No events

Deoptimization events (0 events):
No events

Internal exceptions (10 events):
Event: 0.481 Thread 0x0285bc00 Threw 0x04df5a98 at C:\jdk7u1_32P\jdk7u9_3984_new\hotspot\src\share\vm\prims\jvm.cpp:1166
Event: 0.485 Thread 0x0285bc00 Threw 0x04e04b00 at C:\jdk7u1_32P\jdk7u9_3984_new\hotspot\src\share\vm\prims\jvm.cpp:1166
Event: 0.487 Thread 0x0285bc00 Threw 0x04e07808 at C:\jdk7u1_32P\jdk7u9_3984_new\hotspot\src\share\vm\prims\jvm.cpp:1166
Event: 0.502 Thread 0x0285bc00 Threw 0x04e3ae48 at C:\jdk7u1_32P\jdk7u9_3984_new\hotspot\src\share\vm\prims\jvm.cpp:1166
Event: 0.503 Thread 0x0285bc00 Threw 0x04e3eee0 at C:\jdk7u1_32P\jdk7u9_3984_new\hotspot\src\share\vm\prims\jvm.cpp:1166
Event: 0.503 Thread 0x0285bc00 Threw 0x04e41ec8 at C:\jdk7u1_32P\jdk7u9_3984_new\hotspot\src\share\vm\prims\jvm.cpp:1166
Event: 0.504 Thread 0x0285bc00 Threw 0x04e45610 at C:\jdk7u1_32P\jdk7u9_3984_new\hotspot\src\share\vm\prims\jvm.cpp:1166
Event: 0.505 Thread 0x0285bc00 Threw 0x04e489c8 at C:\jdk7u1_32P\jdk7u9_3984_new\hotspot\src\share\vm\prims\jvm.cpp:1166
Event: 0.506 Thread 0x0285bc00 Threw 0x04e4c6c8 at C:\jdk7u1_32P\jdk7u9_3984_new\hotspot\src\share\vm\prims\jni.cpp:742
Event: 0.509 Thread 0x0285bc00 Threw 0x04e4dae0 at C:\jdk7u1_32P\jdk7u9_3984_new\hotspot\src\share\vm\prims\jvm.cpp:1166

Events (10 events):
Event: 0.503 loading class 0x18c89848
Event: 0.503 loading class 0x18c89848 done
Event: 0.503 loading class 0x18da9e00
Event: 0.503 loading class 0x18da9e00 done
Event: 0.504 loading class 0x18c440b8
Event: 0.504 loading class 0x18c440b8 done
Event: 0.505 loading class 0x18d99dd0
Event: 0.505 loading class 0x18d99dd0 done
Event: 0.509 loading class 0x18c933f8
Event: 0.509 loading class 0x18c933f8 done


Dynamic libraries:
0x00330000 - 0x0035f000 	C:\Program Files\Java\jre7\bin\javaw.exe
0x770c0000 - 0x771e8000 	C:\Windows\system32\ntdll.dll
0x76e90000 - 0x76f6c000 	C:\Windows\system32\kernel32.dll
0x753d0000 - 0x75442000 	C:\Windows\System32\SYSFER.DLL
0x77200000 - 0x772c6000 	C:\Windows\system32\ADVAPI32.dll
0x75920000 - 0x759e3000 	C:\Windows\system32\RPCRT4.dll
0x75bb0000 - 0x75c4d000 	C:\Windows\system32\USER32.dll
0x76e40000 - 0x76e8b000 	C:\Windows\system32\GDI32.dll
0x74680000 - 0x7481e000 	C:\Windows\WinSxS\x86_microsoft.windows.common-controls_6595b64144ccf1df_6.0.6002.18305_none_5cb72f2a088b0ed3\COMCTL32.dll
0x76050000 - 0x760fa000 	C:\Windows\system32\msvcrt.dll
0x76de0000 - 0x76e39000 	C:\Windows\system32\SHLWAPI.dll
0x74580000 - 0x7459e000 	C:\Windows\system32\ShimEng.dll
0x75750000 - 0x7577c000 	C:\Windows\system32\apphelp.dll
0x5e870000 - 0x5e8f8000 	C:\Windows\AppPatch\AcLayers.dll
0x76150000 - 0x76c61000 	C:\Windows\system32\SHELL32.dll
0x75e80000 - 0x75fc5000 	C:\Windows\system32\ole32.dll
0x76d50000 - 0x76ddd000 	C:\Windows\system32\OLEAUT32.dll
0x757d0000 - 0x757ee000 	C:\Windows\system32\USERENV.dll
0x757b0000 - 0x757c4000 	C:\Windows\system32\Secur32.dll
0x70ba0000 - 0x70be2000 	C:\Windows\system32\WINSPOOL.DRV
0x75290000 - 0x752a4000 	C:\Windows\system32\MPR.dll
0x00f80000 - 0x01194000 	C:\Windows\AppPatch\AcGenral.DLL
0x743c0000 - 0x743ff000 	C:\Windows\system32\UxTheme.dll
0x73c20000 - 0x73c52000 	C:\Windows\system32\WINMM.dll
0x73be0000 - 0x73c1e000 	C:\Windows\system32\OLEACC.dll
0x754d0000 - 0x75546000 	C:\Windows\system32\NETAPI32.dll
0x75880000 - 0x75887000 	C:\Windows\system32\PSAPI.DLL
0x737b0000 - 0x737c4000 	C:\Windows\system32\MSACM32.dll
0x74af0000 - 0x74af8000 	C:\Windows\system32\VERSION.dll
0x72400000 - 0x72405000 	C:\Windows\system32\sfc.dll
0x72220000 - 0x7222d000 	C:\Windows\system32\sfc_os.DLL
0x75cc0000 - 0x75e4a000 	C:\Windows\system32\SETUPAPI.dll
0x701e0000 - 0x701ec000 	C:\Windows\system32\dwmapi.dll
0x75a80000 - 0x75baa000 	C:\Windows\system32\urlmon.dll
0x76100000 - 0x76145000 	C:\Windows\system32\iertutil.dll
0x74000000 - 0x74005000 	C:\Windows\system32\SHUNIMPL.dll
0x75c90000 - 0x75cae000 	C:\Windows\system32\IMM32.DLL
0x76f70000 - 0x77038000 	C:\Windows\system32\MSCTF.dll
0x75cb0000 - 0x75cb9000 	C:\Windows\system32\LPK.DLL
0x75fd0000 - 0x7604d000 	C:\Windows\system32\USP10.dll
0x5d990000 - 0x5da4e000 	C:\Program Files\Java\jre7\bin\msvcr100.dll
0x57240000 - 0x5758d000 	C:\Program Files\Java\jre7\bin\client\jvm.dll
0x729c0000 - 0x729c7000 	C:\Windows\system32\WSOCK32.dll
0x75e50000 - 0x75e7d000 	C:\Windows\system32\WS2_32.dll
0x75c50000 - 0x75c56000 	C:\Windows\system32\NSI.dll
0x73a00000 - 0x73a0c000 	C:\Program Files\Java\jre7\bin\verify.dll
0x6ba40000 - 0x6ba60000 	C:\Program Files\Java\jre7\bin\java.dll
0x6ae30000 - 0x6ae5a000 	C:\Program Files\Java\jre7\bin\jdwp.dll
0x73d30000 - 0x73d37000 	C:\Program Files\Java\jre7\bin\npt.dll
0x6ad90000 - 0x6ada3000 	C:\Program Files\Java\jre7\bin\zip.dll
0x54800000 - 0x54808000 	C:\Program Files\Java\jre7\bin\dt_socket.dll
0x73820000 - 0x7382f000 	C:\Windows\system32\NLAapi.dll
0x75170000 - 0x75189000 	C:\Windows\system32\IPHLPAPI.DLL
0x750b0000 - 0x750e5000 	C:\Windows\system32\dhcpcsvc.DLL
0x75380000 - 0x753ac000 	C:\Windows\system32\DNSAPI.dll
0x752b0000 - 0x752b7000 	C:\Windows\system32\WINNSI.DLL
0x75080000 - 0x750a2000 	C:\Windows\system32\dhcpcsvc6.DLL
0x71700000 - 0x7170f000 	C:\Windows\system32\napinsp.dll
0x71660000 - 0x71672000 	C:\Windows\system32\pnrpnsp.dll
0x74ec0000 - 0x74efb000 	C:\Windows\System32\mswsock.dll
0x716f0000 - 0x716f8000 	C:\Windows\System32\winrnr.dll
0x772d0000 - 0x77319000 	C:\Windows\system32\WLDAP32.dll
0x70b90000 - 0x70b96000 	C:\Windows\system32\rasadhlp.dll
0x74900000 - 0x74905000 	C:\Windows\System32\wshtcpip.dll
0x56dd0000 - 0x56f12000 	C:\Program Files\Java\jre7\bin\awt.dll
0x74c40000 - 0x74c7b000 	C:\Windows\system32\rsaenh.dll
0x5e320000 - 0x5e334000 	C:\Program Files\Java\jre7\bin\net.dll
0x74f20000 - 0x74f25000 	C:\Windows\System32\wship6.dll
0x629d0000 - 0x629df000 	C:\Program Files\Java\jre7\bin\nio.dll
0x012b0000 - 0x012ed000 	C:\Users\p857346\AppData\Local\Temp\jna-p857346\jna8255488883867955339.dll
0x73010000 - 0x730ec000 	C:\Windows\system32\dbghelp.dll

VM Arguments:
jvm_args: -agentlib:jdwp=transport=dt_socket,suspend=y,address=localhost:50498 -Dfile.encoding=Cp1252 
java_command: com.sun.jna.platform.win32.Oleaut32Test
Launcher Type: SUN_STANDARD

Environment Variables:
JAVA_HOME=C:\Program Files\Java\jre6\bin
CLASSPATH=.;C:\PROGRA~1\IBM\DB2CON~1\sqllib\java\db2java.zip;C:\PROGRA~1\IBM\DB2CON~1\sqllib\java\db2jcc.jar;C:\PROGRA~1\IBM\DB2CON~1\sqllib\java\db2jcc_license_cu.jar;C:\PROGRA~1\IBM\DB2CON~1\sqllib\bin
PATH=C:/Program Files/Java/jre7/bin/client;C:/Program Files/Java/jre7/bin;C:/Program Files/Java/jre7/lib/i386;C:\Program Files\Windows Resource Kits\Tools\;C:\Windows\System32;C:\Windows;C:\Windows\System32\Wbem;C:\Program Files\Common Files\IPGM\BIN;C:\Progra~1\Oracle\Client10g\bin;C:\Windows\System32\WindowsPowerShell\v1.0;C:\Program Files\PKWARE\pkzipc;C:\Program Files\NUnit 2.5.9\bin\net-2.0;C:\Program Files\Microsoft FxCop 1.36;C:\Program Files\Rational\common;C:\Program Files\Microsoft SQL Server\80\Tools\Binn;C:\Program Files\Microsoft SQL Server\90\Tools\binn;C:\Program Files\Microsoft SQL Server\90\DTS\Binn;C:\Program Files\Microsoft SQL Server\90\Tools\Binn\VSShell\Common7\IDE;C:\Program Files\Microsoft Visual Studio 8\Common7\IDE\PrivateAssemblies;C:\PROGRA~1\IBM\DB2CON~1\sqllib\BIN;C:\PROGRA~1\IBM\DB2CON~1\sqllib\FUNCTION;C:\Program Files\Serena\Dimensions 10.1\CM\prog
USERNAME=p857346
OS=Windows_NT
PROCESSOR_IDENTIFIER=x86 Family 6 Model 23 Stepping 10, GenuineIntel



---------------  S Y S T E M  ---------------

OS: Windows XP Build 2600 Service Pack 2

CPU:total 2 (2 cores per cpu, 1 threads per core) family 6 model 23 stepping 10, cmov, cx8, fxsr, mmx, sse, sse2, sse3, ssse3, sse4.1, tsc

Memory: 4k page, physical 3042580k(839264k free), swap 6293056k(2875908k free)

vm_info: Java HotSpot(TM) Client VM (23.5-b02) for windows-x86 JRE (1.7.0_09-b05), built on Sep 24 2012 22:01:33 by "java_re" with unknown MS VC++:1600

time: Wed Jan 16 11:14:32 2013
elapsed time: 0 seconds

